<?xml version="1.0" encoding="UTF-8"?>
<testng-results ignored="0" total="1" passed="1" failed="0" skipped="0">
  <reporter-output>
  </reporter-output>
  <suite started-at="2024-12-22T20:11:50 IST" name="Default suite" finished-at="2024-12-22T20:12:23 IST" duration-ms="33691">
    <groups>
      <group name="cucumber">
        <method signature="AbstractTestNGCucumberTests.runScenario(io.cucumber.testng.PickleWrapper,io.cucumber.testng.FeatureWrapper)[pri:0, instance:testRunner.MyRunner@3972a855]" name="runScenario" class="io.cucumber.testng.AbstractTestNGCucumberTests"/>
      </group> <!-- cucumber -->
    </groups>
    <test started-at="2024-12-22T20:11:50 IST" name="Default test" finished-at="2024-12-22T20:12:23 IST" duration-ms="33691">
      <class name="testRunner.MyRunner">
        <test-method is-config="true" signature="setUpClass(org.testng.ITestContext)[pri:0, instance:testRunner.MyRunner@3972a855]" started-at="2024-12-22T20:11:50 IST" name="setUpClass" finished-at="2024-12-22T20:11:51 IST" duration-ms="1450" status="PASS">
          <params>
            <param index="0">
              <value>
                <![CDATA[org.testng.TestRunner@76a14c8d]]>
              </value>
            </param>
          </params>
          <reporter-output>
          </reporter-output>
        </test-method> <!-- setUpClass -->
        <test-method signature="runScenario(io.cucumber.testng.PickleWrapper,io.cucumber.testng.FeatureWrapper)[pri:0, instance:testRunner.MyRunner@3972a855]" started-at="2024-12-22T20:11:51 IST" name="runScenario" description="Runs Cucumber Scenarios" data-provider="scenarios" finished-at="2024-12-22T20:12:21 IST" duration-ms="29353" status="PASS">
          <params>
            <param index="0">
              <value>
                <![CDATA["Verify the title of the demoBlaze website"]]>
              </value>
            </param>
            <param index="1">
              <value>
                <![CDATA["Validate Webpage Title"]]>
              </value>
            </param>
          </params>
          <reporter-output>
          </reporter-output>
        </test-method> <!-- runScenario -->
        <test-method is-config="true" signature="tearDownClass()[pri:0, instance:testRunner.MyRunner@3972a855]" started-at="2024-12-22T20:12:21 IST" name="tearDownClass" finished-at="2024-12-22T20:12:23 IST" duration-ms="2757" status="PASS">
          <reporter-output>
          </reporter-output>
        </test-method> <!-- tearDownClass -->
      </class> <!-- testRunner.MyRunner -->
    </test> <!-- Default test -->
  </suite> <!-- Default suite -->
</testng-results>
